Migrating .snakemake folder to new format...
Migration complete
Building DAG of jobs...
Using shell: /bin/bash
Provided cores: 4
Rules claiming more threads will be scaled down.
Job stats:
job                          count
-------------------------  -------
all                              1
get_inclusion_probability        9
make_data                        3
simulate_sample_design          27
total                           40

Select jobs to execute...
Failed to solve scheduling problem with ILP solver. Falling back to greedy solver. Run Snakemake with --verbose to see the full solver output for debugging the problem.

[Fri Nov 10 13:51:21 2023]
rule make_data:
    input: data/raw/wt_kentland_data.csv
    output: data/processed/rough/tree_locs.txt, data/processed/rough/cluster_locs.txt, data/processed/rough/tree_bm.txt, results/rough/fig_tree_locations.png
    log: logs/make_data_rough.log
    jobid: 2
    reason: Code has changed since last execution
    wildcards: gps_error_type=rough
    resources: tmpdir=/var/folders/mw/dy3m3wg11js6x91fwng5ptdw0000gn/T

[Fri Nov 10 13:51:21 2023]
rule make_data:
    input: data/raw/wt_kentland_data.csv
    output: data/processed/gaussian/tree_locs.txt, data/processed/gaussian/cluster_locs.txt, data/processed/gaussian/tree_bm.txt, results/gaussian/fig_tree_locations.png
    log: logs/make_data_gaussian.log
    jobid: 15
    reason: Code has changed since last execution
    wildcards: gps_error_type=gaussian
    resources: tmpdir=/var/folders/mw/dy3m3wg11js6x91fwng5ptdw0000gn/T

[Fri Nov 10 13:51:21 2023]
rule make_data:
    input: data/raw/wt_kentland_data.csv
    output: data/processed/uniform/tree_locs.txt, data/processed/uniform/cluster_locs.txt, data/processed/uniform/tree_bm.txt, results/uniform/fig_tree_locations.png
    log: logs/make_data_uniform.log
    jobid: 28
    reason: Code has changed since last execution
    wildcards: gps_error_type=uniform
    resources: tmpdir=/var/folders/mw/dy3m3wg11js6x91fwng5ptdw0000gn/T

[Fri Nov 10 13:51:23 2023]
Finished job 28.
1 of 40 steps (2%) done
Select jobs to execute...
Failed to solve scheduling problem with ILP solver. Falling back to greedy solver. Run Snakemake with --verbose to see the full solver output for debugging the problem.

[Fri Nov 10 13:51:30 2023]
rule get_inclusion_probability:
    input: data/processed/uniform/tree_locs.txt, data/processed/uniform/cluster_locs.txt
    output: resources/uniform/inclusion_probability_rad5.txt
    log: logs/get_inclusion_probability_uniform_rad5.log
    jobid: 29
    reason: Missing output files: resources/uniform/inclusion_probability_rad5.txt; Input files updated by another job: data/processed/uniform/cluster_locs.txt, data/processed/uniform/tree_locs.txt
    wildcards: gps_error_type=uniform, radius_measure=5
    resources: tmpdir=/var/folders/mw/dy3m3wg11js6x91fwng5ptdw0000gn/T

[Fri Nov 10 13:51:30 2023]
rule get_inclusion_probability:
    input: data/processed/uniform/tree_locs.txt, data/processed/uniform/cluster_locs.txt
    output: resources/uniform/inclusion_probability_rad15.txt
    log: logs/get_inclusion_probability_uniform_rad15.log
    jobid: 37
    reason: Missing output files: resources/uniform/inclusion_probability_rad15.txt; Input files updated by another job: data/processed/uniform/cluster_locs.txt, data/processed/uniform/tree_locs.txt
    wildcards: gps_error_type=uniform, radius_measure=15
    resources: tmpdir=/var/folders/mw/dy3m3wg11js6x91fwng5ptdw0000gn/T

[Fri Nov 10 13:51:30 2023]
Finished job 15.
2 of 40 steps (5%) done
[Fri Nov 10 13:51:30 2023]
Finished job 2.
3 of 40 steps (8%) done
Select jobs to execute...
Failed to solve scheduling problem with ILP solver. Falling back to greedy solver. Run Snakemake with --verbose to see the full solver output for debugging the problem.

[Fri Nov 10 13:51:36 2023]
rule get_inclusion_probability:
    input: data/processed/gaussian/tree_locs.txt, data/processed/gaussian/cluster_locs.txt
    output: resources/gaussian/inclusion_probability_rad5.txt
    log: logs/get_inclusion_probability_gaussian_rad5.log
    jobid: 16
    reason: Missing output files: resources/gaussian/inclusion_probability_rad5.txt; Input files updated by another job: data/processed/gaussian/tree_locs.txt, data/processed/gaussian/cluster_locs.txt
    wildcards: gps_error_type=gaussian, radius_measure=5
    resources: tmpdir=/var/folders/mw/dy3m3wg11js6x91fwng5ptdw0000gn/T

[Fri Nov 10 13:51:36 2023]
rule get_inclusion_probability:
    input: data/processed/rough/tree_locs.txt, data/processed/rough/cluster_locs.txt
    output: resources/rough/inclusion_probability_rad5.txt
    log: logs/get_inclusion_probability_rough_rad5.log
    jobid: 3
    reason: Missing output files: resources/rough/inclusion_probability_rad5.txt; Input files updated by another job: data/processed/rough/cluster_locs.txt, data/processed/rough/tree_locs.txt
    wildcards: gps_error_type=rough, radius_measure=5
    resources: tmpdir=/var/folders/mw/dy3m3wg11js6x91fwng5ptdw0000gn/T

[Fri Nov 10 13:51:36 2023]
Finished job 29.
4 of 40 steps (10%) done
[Fri Nov 10 13:51:36 2023]
Finished job 37.
5 of 40 steps (12%) done
Select jobs to execute...
Terminating processes on user request, this might take some time.
Complete log: .snakemake/log/2023-11-10T135114.930189.snakemake.log
