Building DAG of jobs...
Using shell: /bin/bash
Provided cores: 4
Rules claiming more threads will be scaled down.
Job stats:
job                       count
----------------------  -------
all                           1
simulate_sample_design       18
total                        19

Select jobs to execute...
Failed to solve scheduling problem with ILP solver in time (10s). Falling back to greedy solver.

[Sun Nov 12 16:57:52 2023]
rule simulate_sample_design:
    input: data/processed/rough/tree_locs.txt, data/processed/rough/cluster_locs.txt, data/processed/rough/tree_bm.txt, resources/rough/inclusion_probability_rad5.txt
    output: results/rough/results_rad5_SRS.npz, results/rough/fig_rad5_SRS.png
    log: logs/simulate_sample_design_rough_rad5_SRS.log
    jobid: 1
    reason: Params have changed since last execution
    wildcards: gps_error_type=rough, radius_measure=5, sample_design=SRS
    resources: tmpdir=/var/folders/mw/dy3m3wg11js6x91fwng5ptdw0000gn/T

[Sun Nov 12 16:57:52 2023]
rule simulate_sample_design:
    input: data/processed/gaussian/tree_locs.txt, data/processed/gaussian/cluster_locs.txt, data/processed/gaussian/tree_bm.txt, resources/gaussian/inclusion_probability_rad10.txt
    output: results/gaussian/results_rad10_PPSWR-SRSWR.npz, results/gaussian/fig_rad10_PPSWR-SRSWR.png
    log: logs/simulate_sample_design_gaussian_rad10_PPSWR-SRSWR.log
    jobid: 17
    reason: Params have changed since last execution
    wildcards: gps_error_type=gaussian, radius_measure=10, sample_design=PPSWR-SRSWR
    resources: tmpdir=/var/folders/mw/dy3m3wg11js6x91fwng5ptdw0000gn/T

[Sun Nov 12 16:57:52 2023]
rule simulate_sample_design:
    input: data/processed/uniform/tree_locs.txt, data/processed/uniform/cluster_locs.txt, data/processed/uniform/tree_bm.txt, resources/uniform/inclusion_probability_rad15.txt
    output: results/uniform/results_rad15_PPSWR-SRSWR.npz, results/uniform/fig_rad15_PPSWR-SRSWR.png
    log: logs/simulate_sample_design_uniform_rad15_PPSWR-SRSWR.log
    jobid: 30
    reason: Params have changed since last execution
    wildcards: gps_error_type=uniform, radius_measure=15, sample_design=PPSWR-SRSWR
    resources: tmpdir=/var/folders/mw/dy3m3wg11js6x91fwng5ptdw0000gn/T

[Sun Nov 12 16:57:52 2023]
rule simulate_sample_design:
    input: data/processed/rough/tree_locs.txt, data/processed/rough/cluster_locs.txt, data/processed/rough/tree_bm.txt, resources/rough/inclusion_probability_rad10.txt
    output: results/rough/results_rad10_SRS.npz, results/rough/fig_rad10_SRS.png
    log: logs/simulate_sample_design_rough_rad10_SRS.log
    jobid: 5
    reason: Params have changed since last execution
    wildcards: gps_error_type=rough, radius_measure=10, sample_design=SRS
    resources: tmpdir=/var/folders/mw/dy3m3wg11js6x91fwng5ptdw0000gn/T

[Sun Nov 12 17:06:15 2023]
Finished job 5.
1 of 19 steps (5%) done
Select jobs to execute...
Failed to solve scheduling problem with ILP solver in time (10s). Falling back to greedy solver.

[Sun Nov 12 17:06:27 2023]
rule simulate_sample_design:
    input: data/processed/rough/tree_locs.txt, data/processed/rough/cluster_locs.txt, data/processed/rough/tree_bm.txt, resources/rough/inclusion_probability_rad10.txt
    output: results/rough/results_rad10_PPSWR-SRSWR.npz, results/rough/fig_rad10_PPSWR-SRSWR.png
    log: logs/simulate_sample_design_rough_rad10_PPSWR-SRSWR.log
    jobid: 7
    reason: Params have changed since last execution
    wildcards: gps_error_type=rough, radius_measure=10, sample_design=PPSWR-SRSWR
    resources: tmpdir=/var/folders/mw/dy3m3wg11js6x91fwng5ptdw0000gn/T

[Sun Nov 12 17:06:27 2023]
Finished job 1.
2 of 19 steps (11%) done
Select jobs to execute...
Failed to solve scheduling problem with ILP solver. Falling back to greedy solver. Run Snakemake with --verbose to see the full solver output for debugging the problem.

[Sun Nov 12 17:06:35 2023]
rule simulate_sample_design:
    input: data/processed/uniform/tree_locs.txt, data/processed/uniform/cluster_locs.txt, data/processed/uniform/tree_bm.txt, resources/uniform/inclusion_probability_rad5.txt
    output: results/uniform/results_rad5_SRS.npz, results/uniform/fig_rad5_SRS.png
    log: logs/simulate_sample_design_uniform_rad5_SRS.log
    jobid: 21
    reason: Params have changed since last execution
    wildcards: gps_error_type=uniform, radius_measure=5, sample_design=SRS
    resources: tmpdir=/var/folders/mw/dy3m3wg11js6x91fwng5ptdw0000gn/T

[Sun Nov 12 17:14:38 2023]
Finished job 21.
3 of 19 steps (16%) done
Select jobs to execute...
Failed to solve scheduling problem with ILP solver in time (10s). Falling back to greedy solver.

[Sun Nov 12 17:14:48 2023]
rule simulate_sample_design:
    input: data/processed/gaussian/tree_locs.txt, data/processed/gaussian/cluster_locs.txt, data/processed/gaussian/tree_bm.txt, resources/gaussian/inclusion_probability_rad5.txt
    output: results/gaussian/results_rad5_PPSWR-SRSWR.npz, results/gaussian/fig_rad5_PPSWR-SRSWR.png
    log: logs/simulate_sample_design_gaussian_rad5_PPSWR-SRSWR.log
    jobid: 14
    reason: Params have changed since last execution
    wildcards: gps_error_type=gaussian, radius_measure=5, sample_design=PPSWR-SRSWR
    resources: tmpdir=/var/folders/mw/dy3m3wg11js6x91fwng5ptdw0000gn/T

Terminating processes on user request, this might take some time.
[Sun Nov 12 19:02:30 2023]
Error in rule simulate_sample_design:
    jobid: 14
    input: data/processed/gaussian/tree_locs.txt, data/processed/gaussian/cluster_locs.txt, data/processed/gaussian/tree_bm.txt, resources/gaussian/inclusion_probability_rad5.txt
    output: results/gaussian/results_rad5_PPSWR-SRSWR.npz, results/gaussian/fig_rad5_PPSWR-SRSWR.png
    log: logs/simulate_sample_design_gaussian_rad5_PPSWR-SRSWR.log (check log file(s) for error details)

[Sun Nov 12 19:02:30 2023]
Error in rule simulate_sample_design:
    jobid: 7
    input: data/processed/rough/tree_locs.txt, data/processed/rough/cluster_locs.txt, data/processed/rough/tree_bm.txt, resources/rough/inclusion_probability_rad10.txt
    output: results/rough/results_rad10_PPSWR-SRSWR.npz, results/rough/fig_rad10_PPSWR-SRSWR.png
    log: logs/simulate_sample_design_rough_rad10_PPSWR-SRSWR.log (check log file(s) for error details)

RuleException:
CalledProcessError in file /Users/etriesch/dev/clustersamp/Snakefile, line 72:
Command 'set -euo pipefail;  /Users/etriesch/dev/clustersamp/venv/clustersamp/bin/python /Users/etriesch/dev/clustersamp/.snakemake/scripts/tmpyvyqoj1o.simulate_sample_design.py' died with <Signals.SIGINT: 2>.
  File "/Users/etriesch/dev/clustersamp/Snakefile", line 72, in __rule_simulate_sample_design
  File "/Users/etriesch/.pyenv/versions/3.9.5/lib/python3.9/concurrent/futures/thread.py", line 52, in run
RuleException:
CalledProcessError in file /Users/etriesch/dev/clustersamp/Snakefile, line 72:
Command 'set -euo pipefail;  /Users/etriesch/dev/clustersamp/venv/clustersamp/bin/python /Users/etriesch/dev/clustersamp/.snakemake/scripts/tmp8c0mp5dq.simulate_sample_design.py' died with <Signals.SIGINT: 2>.
  File "/Users/etriesch/dev/clustersamp/Snakefile", line 72, in __rule_simulate_sample_design
  File "/Users/etriesch/.pyenv/versions/3.9.5/lib/python3.9/concurrent/futures/thread.py", line 52, in run
[Sun Nov 12 19:02:30 2023]
Error in rule simulate_sample_design:
    jobid: 17
    input: data/processed/gaussian/tree_locs.txt, data/processed/gaussian/cluster_locs.txt, data/processed/gaussian/tree_bm.txt, resources/gaussian/inclusion_probability_rad10.txt
    output: results/gaussian/results_rad10_PPSWR-SRSWR.npz, results/gaussian/fig_rad10_PPSWR-SRSWR.png
    log: logs/simulate_sample_design_gaussian_rad10_PPSWR-SRSWR.log (check log file(s) for error details)

[Sun Nov 12 19:02:30 2023]
Error in rule simulate_sample_design:
    jobid: 30
    input: data/processed/uniform/tree_locs.txt, data/processed/uniform/cluster_locs.txt, data/processed/uniform/tree_bm.txt, resources/uniform/inclusion_probability_rad15.txt
    output: results/uniform/results_rad15_PPSWR-SRSWR.npz, results/uniform/fig_rad15_PPSWR-SRSWR.png
    log: logs/simulate_sample_design_uniform_rad15_PPSWR-SRSWR.log (check log file(s) for error details)

RuleException:
CalledProcessError in file /Users/etriesch/dev/clustersamp/Snakefile, line 72:
Command 'set -euo pipefail;  /Users/etriesch/dev/clustersamp/venv/clustersamp/bin/python /Users/etriesch/dev/clustersamp/.snakemake/scripts/tmp_czd2ctu.simulate_sample_design.py' died with <Signals.SIGINT: 2>.
  File "/Users/etriesch/dev/clustersamp/Snakefile", line 72, in __rule_simulate_sample_design
  File "/Users/etriesch/.pyenv/versions/3.9.5/lib/python3.9/concurrent/futures/thread.py", line 52, in run
RuleException:
CalledProcessError in file /Users/etriesch/dev/clustersamp/Snakefile, line 72:
Command 'set -euo pipefail;  /Users/etriesch/dev/clustersamp/venv/clustersamp/bin/python /Users/etriesch/dev/clustersamp/.snakemake/scripts/tmp0iq5klfb.simulate_sample_design.py' died with <Signals.SIGINT: 2>.
  File "/Users/etriesch/dev/clustersamp/Snakefile", line 72, in __rule_simulate_sample_design
  File "/Users/etriesch/.pyenv/versions/3.9.5/lib/python3.9/concurrent/futures/thread.py", line 52, in run
Complete log: .snakemake/log/2023-11-12T165735.405494.snakemake.log
