Migrating .snakemake folder to new format...
Migration complete
Building DAG of jobs...
Using shell: /bin/bash
Provided cores: 4
Rules claiming more threads will be scaled down.
Job stats:
job                          count
-------------------------  -------
all                              1
get_inclusion_probability        9
make_data                        3
simulate_sample_design          27
total                           40

Select jobs to execute...
Failed to solve scheduling problem with ILP solver. Falling back to greedy solver. Run Snakemake with --verbose to see the full solver output for debugging the problem.

[Fri Nov 10 13:54:55 2023]
rule make_data:
    input: data/raw/wt_kentland_data.csv
    output: data/processed/rough/tree_locs.txt, data/processed/rough/cluster_locs.txt, data/processed/rough/tree_bm.txt, results/rough/fig_tree_locations.png
    log: logs/make_data_rough.log
    jobid: 2
    reason: Code has changed since last execution; Params have changed since last execution
    wildcards: gps_error_type=rough
    resources: tmpdir=/var/folders/mw/dy3m3wg11js6x91fwng5ptdw0000gn/T

[Fri Nov 10 13:54:55 2023]
rule make_data:
    input: data/raw/wt_kentland_data.csv
    output: data/processed/gaussian/tree_locs.txt, data/processed/gaussian/cluster_locs.txt, data/processed/gaussian/tree_bm.txt, results/gaussian/fig_tree_locations.png
    log: logs/make_data_gaussian.log
    jobid: 15
    reason: Missing output files: data/processed/gaussian/cluster_locs.txt, data/processed/gaussian/tree_bm.txt, data/processed/gaussian/tree_locs.txt
    wildcards: gps_error_type=gaussian
    resources: tmpdir=/var/folders/mw/dy3m3wg11js6x91fwng5ptdw0000gn/T

[Fri Nov 10 13:54:55 2023]
rule make_data:
    input: data/raw/wt_kentland_data.csv
    output: data/processed/uniform/tree_locs.txt, data/processed/uniform/cluster_locs.txt, data/processed/uniform/tree_bm.txt, results/uniform/fig_tree_locations.png
    log: logs/make_data_uniform.log
    jobid: 28
    reason: Code has changed since last execution; Params have changed since last execution
    wildcards: gps_error_type=uniform
    resources: tmpdir=/var/folders/mw/dy3m3wg11js6x91fwng5ptdw0000gn/T

[Fri Nov 10 13:54:56 2023]
Finished job 2.
1 of 40 steps (2%) done
[Fri Nov 10 13:54:56 2023]
Finished job 15.
2 of 40 steps (5%) done
[Fri Nov 10 13:54:56 2023]
Finished job 28.
3 of 40 steps (8%) done
Select jobs to execute...
Failed to solve scheduling problem with ILP solver. Falling back to greedy solver. Run Snakemake with --verbose to see the full solver output for debugging the problem.

[Fri Nov 10 13:55:03 2023]
rule get_inclusion_probability:
    input: data/processed/rough/tree_locs.txt, data/processed/rough/cluster_locs.txt
    output: resources/rough/inclusion_probability_rad10.txt
    log: logs/get_inclusion_probability_rough_rad10.log
    jobid: 7
    reason: Input files updated by another job: data/processed/rough/cluster_locs.txt, data/processed/rough/tree_locs.txt
    wildcards: gps_error_type=rough, radius_measure=10
    resources: tmpdir=/var/folders/mw/dy3m3wg11js6x91fwng5ptdw0000gn/T

[Fri Nov 10 13:55:03 2023]
rule get_inclusion_probability:
    input: data/processed/gaussian/tree_locs.txt, data/processed/gaussian/cluster_locs.txt
    output: resources/gaussian/inclusion_probability_rad5.txt
    log: logs/get_inclusion_probability_gaussian_rad5.log
    jobid: 16
    reason: Input files updated by another job: data/processed/gaussian/cluster_locs.txt, data/processed/gaussian/tree_locs.txt
    wildcards: gps_error_type=gaussian, radius_measure=5
    resources: tmpdir=/var/folders/mw/dy3m3wg11js6x91fwng5ptdw0000gn/T

[Fri Nov 10 13:55:03 2023]
rule get_inclusion_probability:
    input: data/processed/rough/tree_locs.txt, data/processed/rough/cluster_locs.txt
    output: resources/rough/inclusion_probability_rad5.txt
    log: logs/get_inclusion_probability_rough_rad5.log
    jobid: 3
    reason: Input files updated by another job: data/processed/rough/cluster_locs.txt, data/processed/rough/tree_locs.txt
    wildcards: gps_error_type=rough, radius_measure=5
    resources: tmpdir=/var/folders/mw/dy3m3wg11js6x91fwng5ptdw0000gn/T


[Fri Nov 10 13:55:03 2023]
rule get_inclusion_probability:
    input: data/processed/uniform/tree_locs.txt, data/processed/uniform/cluster_locs.txt
    output: resources/uniform/inclusion_probability_rad10.txt
    log: logs/get_inclusion_probability_uniform_rad10.log
    jobid: 33
    reason: Missing output files: resources/uniform/inclusion_probability_rad10.txt; Input files updated by another job: data/processed/uniform/tree_locs.txt, data/processed/uniform/cluster_locs.txt
    wildcards: gps_error_type=uniform, radius_measure=10
    resources: tmpdir=/var/folders/mw/dy3m3wg11js6x91fwng5ptdw0000gn/T

Select jobs to execute...
[Fri Nov 10 13:55:04 2023]
Finished job 7.
4 of 40 steps (10%) done
Failed to solve scheduling problem with ILP solver. Falling back to greedy solver. Run Snakemake with --verbose to see the full solver output for debugging the problem.

[Fri Nov 10 13:55:10 2023]
rule simulate_sample_design:
    input: data/processed/rough/tree_locs.txt, data/processed/rough/cluster_locs.txt, data/processed/rough/tree_bm.txt, resources/rough/inclusion_probability_rad10.txt
    output: results/rough/results_rad10_PPSWR-SRSWOR.npz, results/rough/fig_rad10_PPSWR-SRSWOR.png
    log: logs/simulate_sample_design_rough_rad10_PPSWR-SRSWOR.log
    jobid: 9
    reason: Missing output files: results/rough/results_rad10_PPSWR-SRSWOR.npz; Input files updated by another job: data/processed/rough/cluster_locs.txt, data/processed/rough/tree_bm.txt, resources/rough/inclusion_probability_rad10.txt, data/processed/rough/tree_locs.txt
    wildcards: gps_error_type=rough, radius_measure=10, sample_design=PPSWR-SRSWOR
    resources: tmpdir=/var/folders/mw/dy3m3wg11js6x91fwng5ptdw0000gn/T

[Fri Nov 10 13:55:10 2023]
Finished job 3.
5 of 40 steps (12%) done
Select jobs to execute...
Failed to solve scheduling problem with ILP solver. Falling back to greedy solver. Run Snakemake with --verbose to see the full solver output for debugging the problem.

[Fri Nov 10 13:55:16 2023]
rule simulate_sample_design:
    input: data/processed/rough/tree_locs.txt, data/processed/rough/cluster_locs.txt, data/processed/rough/tree_bm.txt, resources/rough/inclusion_probability_rad5.txt
    output: results/rough/results_rad5_SRS.npz, results/rough/fig_rad5_SRS.png
    log: logs/simulate_sample_design_rough_rad5_SRS.log
    jobid: 1
    reason: Missing output files: results/rough/results_rad5_SRS.npz; Input files updated by another job: data/processed/rough/cluster_locs.txt, data/processed/rough/tree_bm.txt, resources/rough/inclusion_probability_rad5.txt, data/processed/rough/tree_locs.txt
    wildcards: gps_error_type=rough, radius_measure=5, sample_design=SRS
    resources: tmpdir=/var/folders/mw/dy3m3wg11js6x91fwng5ptdw0000gn/T

[Fri Nov 10 13:55:42 2023]
Finished job 1.
6 of 40 steps (15%) done
Select jobs to execute...
Failed to solve scheduling problem with ILP solver. Falling back to greedy solver. Run Snakemake with --verbose to see the full solver output for debugging the problem.

[Fri Nov 10 13:55:50 2023]
rule simulate_sample_design:
    input: data/processed/rough/tree_locs.txt, data/processed/rough/cluster_locs.txt, data/processed/rough/tree_bm.txt, resources/rough/inclusion_probability_rad5.txt
    output: results/rough/results_rad5_PPSWR-SRSWOR.npz, results/rough/fig_rad5_PPSWR-SRSWOR.png
    log: logs/simulate_sample_design_rough_rad5_PPSWR-SRSWOR.log
    jobid: 5
    reason: Missing output files: results/rough/results_rad5_PPSWR-SRSWOR.npz; Input files updated by another job: data/processed/rough/cluster_locs.txt, data/processed/rough/tree_bm.txt, resources/rough/inclusion_probability_rad5.txt, data/processed/rough/tree_locs.txt
    wildcards: gps_error_type=rough, radius_measure=5, sample_design=PPSWR-SRSWOR
    resources: tmpdir=/var/folders/mw/dy3m3wg11js6x91fwng5ptdw0000gn/T

[Fri Nov 10 14:13:28 2023]
Finished job 5.
7 of 40 steps (18%) done
Select jobs to execute...
Failed to solve scheduling problem with ILP solver in time (10s). Falling back to greedy solver.

[Fri Nov 10 14:13:41 2023]
rule simulate_sample_design:
    input: data/processed/rough/tree_locs.txt, data/processed/rough/cluster_locs.txt, data/processed/rough/tree_bm.txt, resources/rough/inclusion_probability_rad5.txt
    output: results/rough/results_rad5_PPSWR-SRSWR.npz, results/rough/fig_rad5_PPSWR-SRSWR.png
    log: logs/simulate_sample_design_rough_rad5_PPSWR-SRSWR.log
    jobid: 4
    reason: Missing output files: results/rough/results_rad5_PPSWR-SRSWR.npz; Input files updated by another job: data/processed/rough/cluster_locs.txt, data/processed/rough/tree_bm.txt, resources/rough/inclusion_probability_rad5.txt, data/processed/rough/tree_locs.txt
    wildcards: gps_error_type=rough, radius_measure=5, sample_design=PPSWR-SRSWR
    resources: tmpdir=/var/folders/mw/dy3m3wg11js6x91fwng5ptdw0000gn/T

[Fri Nov 10 14:17:57 2023]
Finished job 9.
8 of 40 steps (20%) done
Select jobs to execute...
Failed to solve scheduling problem with ILP solver in time (10s). Falling back to greedy solver.

[Fri Nov 10 14:18:09 2023]
rule simulate_sample_design:
    input: data/processed/rough/tree_locs.txt, data/processed/rough/cluster_locs.txt, data/processed/rough/tree_bm.txt, resources/rough/inclusion_probability_rad10.txt
    output: results/rough/results_rad10_PPSWR-SRSWR.npz, results/rough/fig_rad10_PPSWR-SRSWR.png
    log: logs/simulate_sample_design_rough_rad10_PPSWR-SRSWR.log
    jobid: 8
    reason: Missing output files: results/rough/results_rad10_PPSWR-SRSWR.npz; Input files updated by another job: data/processed/rough/cluster_locs.txt, data/processed/rough/tree_bm.txt, resources/rough/inclusion_probability_rad10.txt, data/processed/rough/tree_locs.txt
    wildcards: gps_error_type=rough, radius_measure=10, sample_design=PPSWR-SRSWR
    resources: tmpdir=/var/folders/mw/dy3m3wg11js6x91fwng5ptdw0000gn/T

[Fri Nov 10 14:33:17 2023]
Finished job 4.
9 of 40 steps (22%) done
Select jobs to execute...
Failed to solve scheduling problem with ILP solver in time (10s). Falling back to greedy solver.

[Fri Nov 10 14:33:28 2023]
rule simulate_sample_design:
    input: data/processed/rough/tree_locs.txt, data/processed/rough/cluster_locs.txt, data/processed/rough/tree_bm.txt, resources/rough/inclusion_probability_rad10.txt
    output: results/rough/results_rad10_SRS.npz, results/rough/fig_rad10_SRS.png
    log: logs/simulate_sample_design_rough_rad10_SRS.log
    jobid: 6
    reason: Missing output files: results/rough/results_rad10_SRS.npz; Input files updated by another job: data/processed/rough/cluster_locs.txt, data/processed/rough/tree_bm.txt, resources/rough/inclusion_probability_rad10.txt, data/processed/rough/tree_locs.txt
    wildcards: gps_error_type=rough, radius_measure=10, sample_design=SRS
    resources: tmpdir=/var/folders/mw/dy3m3wg11js6x91fwng5ptdw0000gn/T

[Fri Nov 10 14:33:55 2023]
Finished job 6.
10 of 40 steps (25%) done
Select jobs to execute...
Failed to solve scheduling problem with ILP solver. Falling back to greedy solver. Run Snakemake with --verbose to see the full solver output for debugging the problem.

[Fri Nov 10 14:34:03 2023]
rule get_inclusion_probability:
    input: data/processed/uniform/tree_locs.txt, data/processed/uniform/cluster_locs.txt
    output: resources/uniform/inclusion_probability_rad15.txt
    log: logs/get_inclusion_probability_uniform_rad15.log
    jobid: 37
    reason: Input files updated by another job: data/processed/uniform/tree_locs.txt, data/processed/uniform/cluster_locs.txt
    wildcards: gps_error_type=uniform, radius_measure=15
    resources: tmpdir=/var/folders/mw/dy3m3wg11js6x91fwng5ptdw0000gn/T

[Fri Nov 10 14:43:02 2023]
Finished job 8.
11 of 40 steps (28%) done
Select jobs to execute...
Failed to solve scheduling problem with ILP solver. Falling back to greedy solver. Run Snakemake with --verbose to see the full solver output for debugging the problem.

[Fri Nov 10 14:43:10 2023]
rule get_inclusion_probability:
    input: data/processed/uniform/tree_locs.txt, data/processed/uniform/cluster_locs.txt
    output: resources/uniform/inclusion_probability_rad5.txt
    log: logs/get_inclusion_probability_uniform_rad5.log
    jobid: 29
    reason: Input files updated by another job: data/processed/uniform/tree_locs.txt, data/processed/uniform/cluster_locs.txt
    wildcards: gps_error_type=uniform, radius_measure=5
    resources: tmpdir=/var/folders/mw/dy3m3wg11js6x91fwng5ptdw0000gn/T

[Fri Nov 10 16:24:10 2023]
Finished job 29.
12 of 40 steps (30%) done
Select jobs to execute...
Failed to solve scheduling problem with ILP solver in time (10s). Falling back to greedy solver.

[Fri Nov 10 16:24:24 2023]
rule simulate_sample_design:
    input: data/processed/uniform/tree_locs.txt, data/processed/uniform/cluster_locs.txt, data/processed/uniform/tree_bm.txt, resources/uniform/inclusion_probability_rad5.txt
    output: results/uniform/results_rad5_PPSWR-SRSWR.npz, results/uniform/fig_rad5_PPSWR-SRSWR.png
    log: logs/simulate_sample_design_uniform_rad5_PPSWR-SRSWR.log
    jobid: 30
    reason: Missing output files: results/uniform/results_rad5_PPSWR-SRSWR.npz; Input files updated by another job: data/processed/uniform/tree_locs.txt, data/processed/uniform/cluster_locs.txt, resources/uniform/inclusion_probability_rad5.txt, data/processed/uniform/tree_bm.txt
    wildcards: gps_error_type=uniform, radius_measure=5, sample_design=PPSWR-SRSWR
    resources: tmpdir=/var/folders/mw/dy3m3wg11js6x91fwng5ptdw0000gn/T

[Fri Nov 10 16:42:26 2023]
Finished job 30.
13 of 40 steps (32%) done
Select jobs to execute...
Failed to solve scheduling problem with ILP solver in time (10s). Falling back to greedy solver.

[Fri Nov 10 16:42:38 2023]
rule simulate_sample_design:
    input: data/processed/uniform/tree_locs.txt, data/processed/uniform/cluster_locs.txt, data/processed/uniform/tree_bm.txt, resources/uniform/inclusion_probability_rad5.txt
    output: results/uniform/results_rad5_PPSWR-SRSWOR.npz, results/uniform/fig_rad5_PPSWR-SRSWOR.png
    log: logs/simulate_sample_design_uniform_rad5_PPSWR-SRSWOR.log
    jobid: 31
    reason: Missing output files: results/uniform/results_rad5_PPSWR-SRSWOR.npz; Input files updated by another job: data/processed/uniform/tree_locs.txt, data/processed/uniform/cluster_locs.txt, resources/uniform/inclusion_probability_rad5.txt, data/processed/uniform/tree_bm.txt
    wildcards: gps_error_type=uniform, radius_measure=5, sample_design=PPSWR-SRSWOR
    resources: tmpdir=/var/folders/mw/dy3m3wg11js6x91fwng5ptdw0000gn/T

[Fri Nov 10 16:58:31 2023]
Finished job 16.
14 of 40 steps (35%) done
Select jobs to execute...
Failed to solve scheduling problem with ILP solver in time (10s). Falling back to greedy solver.

[Fri Nov 10 16:58:43 2023]
rule simulate_sample_design:
    input: data/processed/gaussian/tree_locs.txt, data/processed/gaussian/cluster_locs.txt, data/processed/gaussian/tree_bm.txt, resources/gaussian/inclusion_probability_rad5.txt
    output: results/gaussian/results_rad5_PPSWR-SRSWR.npz, results/gaussian/fig_rad5_PPSWR-SRSWR.png
    log: logs/simulate_sample_design_gaussian_rad5_PPSWR-SRSWR.log
    jobid: 17
    reason: Missing output files: results/gaussian/results_rad5_PPSWR-SRSWR.npz; Input files updated by another job: resources/gaussian/inclusion_probability_rad5.txt, data/processed/gaussian/cluster_locs.txt, data/processed/gaussian/tree_bm.txt, data/processed/gaussian/tree_locs.txt; Params have changed since last execution
    wildcards: gps_error_type=gaussian, radius_measure=5, sample_design=PPSWR-SRSWR
    resources: tmpdir=/var/folders/mw/dy3m3wg11js6x91fwng5ptdw0000gn/T

[Fri Nov 10 17:00:46 2023]
Finished job 31.
15 of 40 steps (38%) done
Select jobs to execute...
Failed to solve scheduling problem with ILP solver in time (10s). Falling back to greedy solver.

[Fri Nov 10 17:00:58 2023]
rule simulate_sample_design:
    input: data/processed/uniform/tree_locs.txt, data/processed/uniform/cluster_locs.txt, data/processed/uniform/tree_bm.txt, resources/uniform/inclusion_probability_rad5.txt
    output: results/uniform/results_rad5_SRS.npz, results/uniform/fig_rad5_SRS.png
    log: logs/simulate_sample_design_uniform_rad5_SRS.log
    jobid: 27
    reason: Missing output files: results/uniform/results_rad5_SRS.npz; Input files updated by another job: data/processed/uniform/tree_locs.txt, data/processed/uniform/cluster_locs.txt, resources/uniform/inclusion_probability_rad5.txt, data/processed/uniform/tree_bm.txt
    wildcards: gps_error_type=uniform, radius_measure=5, sample_design=SRS
    resources: tmpdir=/var/folders/mw/dy3m3wg11js6x91fwng5ptdw0000gn/T

[Fri Nov 10 17:01:21 2023]
Finished job 27.
16 of 40 steps (40%) done
Select jobs to execute...
Failed to solve scheduling problem with ILP solver. Falling back to greedy solver. Run Snakemake with --verbose to see the full solver output for debugging the problem.

[Fri Nov 10 17:01:28 2023]
rule simulate_sample_design:
    input: data/processed/gaussian/tree_locs.txt, data/processed/gaussian/cluster_locs.txt, data/processed/gaussian/tree_bm.txt, resources/gaussian/inclusion_probability_rad5.txt
    output: results/gaussian/results_rad5_PPSWR-SRSWOR.npz, results/gaussian/fig_rad5_PPSWR-SRSWOR.png
    log: logs/simulate_sample_design_gaussian_rad5_PPSWR-SRSWOR.log
    jobid: 18
    reason: Missing output files: results/gaussian/results_rad5_PPSWR-SRSWOR.npz; Input files updated by another job: resources/gaussian/inclusion_probability_rad5.txt, data/processed/gaussian/cluster_locs.txt, data/processed/gaussian/tree_bm.txt, data/processed/gaussian/tree_locs.txt
    wildcards: gps_error_type=gaussian, radius_measure=5, sample_design=PPSWR-SRSWOR
    resources: tmpdir=/var/folders/mw/dy3m3wg11js6x91fwng5ptdw0000gn/T

[Fri Nov 10 17:01:57 2023]
Finished job 33.
17 of 40 steps (42%) done
Select jobs to execute...
Failed to solve scheduling problem with ILP solver. Falling back to greedy solver. Run Snakemake with --verbose to see the full solver output for debugging the problem.

[Fri Nov 10 17:02:04 2023]
rule simulate_sample_design:
    input: data/processed/uniform/tree_locs.txt, data/processed/uniform/cluster_locs.txt, data/processed/uniform/tree_bm.txt, resources/uniform/inclusion_probability_rad10.txt
    output: results/uniform/results_rad10_PPSWR-SRSWR.npz, results/uniform/fig_rad10_PPSWR-SRSWR.png
    log: logs/simulate_sample_design_uniform_rad10_PPSWR-SRSWR.log
    jobid: 34
    reason: Missing output files: results/uniform/results_rad10_PPSWR-SRSWR.npz; Input files updated by another job: resources/uniform/inclusion_probability_rad10.txt, data/processed/uniform/tree_locs.txt, data/processed/uniform/cluster_locs.txt, data/processed/uniform/tree_bm.txt
    wildcards: gps_error_type=uniform, radius_measure=10, sample_design=PPSWR-SRSWR
    resources: tmpdir=/var/folders/mw/dy3m3wg11js6x91fwng5ptdw0000gn/T

[Fri Nov 10 17:15:50 2023]
Finished job 17.
18 of 40 steps (45%) done
Select jobs to execute...
Failed to solve scheduling problem with ILP solver in time (10s). Falling back to greedy solver.

[Fri Nov 10 17:16:01 2023]
rule simulate_sample_design:
    input: data/processed/uniform/tree_locs.txt, data/processed/uniform/cluster_locs.txt, data/processed/uniform/tree_bm.txt, resources/uniform/inclusion_probability_rad10.txt
    output: results/uniform/results_rad10_PPSWR-SRSWOR.npz, results/uniform/fig_rad10_PPSWR-SRSWOR.png
    log: logs/simulate_sample_design_uniform_rad10_PPSWR-SRSWOR.log
    jobid: 35
    reason: Missing output files: results/uniform/results_rad10_PPSWR-SRSWOR.npz; Input files updated by another job: resources/uniform/inclusion_probability_rad10.txt, data/processed/uniform/tree_locs.txt, data/processed/uniform/cluster_locs.txt, data/processed/uniform/tree_bm.txt
    wildcards: gps_error_type=uniform, radius_measure=10, sample_design=PPSWR-SRSWOR
    resources: tmpdir=/var/folders/mw/dy3m3wg11js6x91fwng5ptdw0000gn/T

[Fri Nov 10 17:18:52 2023]
Finished job 18.
19 of 40 steps (48%) done
Select jobs to execute...
Failed to solve scheduling problem with ILP solver in time (10s). Falling back to greedy solver.

[Fri Nov 10 17:19:02 2023]
rule simulate_sample_design:
    input: data/processed/uniform/tree_locs.txt, data/processed/uniform/cluster_locs.txt, data/processed/uniform/tree_bm.txt, resources/uniform/inclusion_probability_rad10.txt
    output: results/uniform/results_rad10_SRS.npz, results/uniform/fig_rad10_SRS.png
    log: logs/simulate_sample_design_uniform_rad10_SRS.log
    jobid: 32
    reason: Missing output files: results/uniform/results_rad10_SRS.npz; Input files updated by another job: resources/uniform/inclusion_probability_rad10.txt, data/processed/uniform/tree_locs.txt, data/processed/uniform/cluster_locs.txt, data/processed/uniform/tree_bm.txt
    wildcards: gps_error_type=uniform, radius_measure=10, sample_design=SRS
    resources: tmpdir=/var/folders/mw/dy3m3wg11js6x91fwng5ptdw0000gn/T

[Fri Nov 10 17:19:25 2023]
Finished job 32.
20 of 40 steps (50%) done
Select jobs to execute...
Failed to solve scheduling problem with ILP solver. Falling back to greedy solver. Run Snakemake with --verbose to see the full solver output for debugging the problem.

[Fri Nov 10 17:19:32 2023]
rule simulate_sample_design:
    input: data/processed/gaussian/tree_locs.txt, data/processed/gaussian/cluster_locs.txt, data/processed/gaussian/tree_bm.txt, resources/gaussian/inclusion_probability_rad5.txt
    output: results/gaussian/results_rad5_SRS.npz, results/gaussian/fig_rad5_SRS.png
    log: logs/simulate_sample_design_gaussian_rad5_SRS.log
    jobid: 14
    reason: Missing output files: results/gaussian/results_rad5_SRS.npz; Input files updated by another job: resources/gaussian/inclusion_probability_rad5.txt, data/processed/gaussian/cluster_locs.txt, data/processed/gaussian/tree_bm.txt, data/processed/gaussian/tree_locs.txt; Params have changed since last execution
    wildcards: gps_error_type=gaussian, radius_measure=5, sample_design=SRS
    resources: tmpdir=/var/folders/mw/dy3m3wg11js6x91fwng5ptdw0000gn/T

[Fri Nov 10 17:19:55 2023]
Finished job 14.
21 of 40 steps (52%) done
Select jobs to execute...
Failed to solve scheduling problem with ILP solver. Falling back to greedy solver. Run Snakemake with --verbose to see the full solver output for debugging the problem.

[Fri Nov 10 17:20:03 2023]
rule get_inclusion_probability:
    input: data/processed/gaussian/tree_locs.txt, data/processed/gaussian/cluster_locs.txt
    output: resources/gaussian/inclusion_probability_rad15.txt
    log: logs/get_inclusion_probability_gaussian_rad15.log
    jobid: 24
    reason: Missing output files: resources/gaussian/inclusion_probability_rad15.txt; Input files updated by another job: data/processed/gaussian/cluster_locs.txt, data/processed/gaussian/tree_locs.txt
    wildcards: gps_error_type=gaussian, radius_measure=15
    resources: tmpdir=/var/folders/mw/dy3m3wg11js6x91fwng5ptdw0000gn/T

[Fri Nov 10 17:23:33 2023]
Finished job 34.
22 of 40 steps (55%) done
Select jobs to execute...
Failed to solve scheduling problem with ILP solver. Falling back to greedy solver. Run Snakemake with --verbose to see the full solver output for debugging the problem.

[Fri Nov 10 17:23:39 2023]
rule get_inclusion_probability:
    input: data/processed/rough/tree_locs.txt, data/processed/rough/cluster_locs.txt
    output: resources/rough/inclusion_probability_rad15.txt
    log: logs/get_inclusion_probability_rough_rad15.log
    jobid: 11
    reason: Input files updated by another job: data/processed/rough/cluster_locs.txt, data/processed/rough/tree_locs.txt
    wildcards: gps_error_type=rough, radius_measure=15
    resources: tmpdir=/var/folders/mw/dy3m3wg11js6x91fwng5ptdw0000gn/T

[Fri Nov 10 17:23:40 2023]
Finished job 11.
23 of 40 steps (57%) done
Select jobs to execute...
Failed to solve scheduling problem with ILP solver. Falling back to greedy solver. Run Snakemake with --verbose to see the full solver output for debugging the problem.

[Fri Nov 10 17:23:47 2023]
rule simulate_sample_design:
    input: data/processed/rough/tree_locs.txt, data/processed/rough/cluster_locs.txt, data/processed/rough/tree_bm.txt, resources/rough/inclusion_probability_rad15.txt
    output: results/rough/results_rad15_SRS.npz, results/rough/fig_rad15_SRS.png
    log: logs/simulate_sample_design_rough_rad15_SRS.log
    jobid: 10
    reason: Missing output files: results/rough/results_rad15_SRS.npz; Input files updated by another job: data/processed/rough/cluster_locs.txt, data/processed/rough/tree_bm.txt, data/processed/rough/tree_locs.txt, resources/rough/inclusion_probability_rad15.txt
    wildcards: gps_error_type=rough, radius_measure=15, sample_design=SRS
    resources: tmpdir=/var/folders/mw/dy3m3wg11js6x91fwng5ptdw0000gn/T

[Fri Nov 10 17:24:11 2023]
Finished job 10.
24 of 40 steps (60%) done
Select jobs to execute...
Failed to solve scheduling problem with ILP solver. Falling back to greedy solver. Run Snakemake with --verbose to see the full solver output for debugging the problem.

[Fri Nov 10 17:24:17 2023]
rule simulate_sample_design:
    input: data/processed/rough/tree_locs.txt, data/processed/rough/cluster_locs.txt, data/processed/rough/tree_bm.txt, resources/rough/inclusion_probability_rad15.txt
    output: results/rough/results_rad15_PPSWR-SRSWR.npz, results/rough/fig_rad15_PPSWR-SRSWR.png
    log: logs/simulate_sample_design_rough_rad15_PPSWR-SRSWR.log
    jobid: 12
    reason: Missing output files: results/rough/results_rad15_PPSWR-SRSWR.npz; Input files updated by another job: data/processed/rough/cluster_locs.txt, data/processed/rough/tree_bm.txt, data/processed/rough/tree_locs.txt, resources/rough/inclusion_probability_rad15.txt
    wildcards: gps_error_type=rough, radius_measure=15, sample_design=PPSWR-SRSWR
    resources: tmpdir=/var/folders/mw/dy3m3wg11js6x91fwng5ptdw0000gn/T

[Fri Nov 10 17:38:22 2023]
Finished job 35.
25 of 40 steps (62%) done
Select jobs to execute...
Failed to solve scheduling problem with ILP solver. Falling back to greedy solver. Run Snakemake with --verbose to see the full solver output for debugging the problem.

[Fri Nov 10 17:38:29 2023]
rule simulate_sample_design:
    input: data/processed/rough/tree_locs.txt, data/processed/rough/cluster_locs.txt, data/processed/rough/tree_bm.txt, resources/rough/inclusion_probability_rad15.txt
    output: results/rough/results_rad15_PPSWR-SRSWOR.npz, results/rough/fig_rad15_PPSWR-SRSWOR.png
    log: logs/simulate_sample_design_rough_rad15_PPSWR-SRSWOR.log
    jobid: 13
    reason: Missing output files: results/rough/results_rad15_PPSWR-SRSWOR.npz; Input files updated by another job: data/processed/rough/cluster_locs.txt, data/processed/rough/tree_bm.txt, data/processed/rough/tree_locs.txt, resources/rough/inclusion_probability_rad15.txt
    wildcards: gps_error_type=rough, radius_measure=15, sample_design=PPSWR-SRSWOR
    resources: tmpdir=/var/folders/mw/dy3m3wg11js6x91fwng5ptdw0000gn/T

[Fri Nov 10 17:46:14 2023]
Finished job 12.
26 of 40 steps (65%) done
Select jobs to execute...

[Fri Nov 10 17:46:14 2023]
rule get_inclusion_probability:
    input: data/processed/gaussian/tree_locs.txt, data/processed/gaussian/cluster_locs.txt
    output: resources/gaussian/inclusion_probability_rad10.txt
    log: logs/get_inclusion_probability_gaussian_rad10.log
    jobid: 20
    reason: Missing output files: resources/gaussian/inclusion_probability_rad10.txt; Input files updated by another job: data/processed/gaussian/cluster_locs.txt, data/processed/gaussian/tree_locs.txt
    wildcards: gps_error_type=gaussian, radius_measure=10
    resources: tmpdir=/var/folders/mw/dy3m3wg11js6x91fwng5ptdw0000gn/T

[Fri Nov 10 17:59:44 2023]
Finished job 13.
27 of 40 steps (68%) done
[Fri Nov 10 17:59:50 2023]
Finished job 37.
28 of 40 steps (70%) done
Select jobs to execute...
Failed to solve scheduling problem with ILP solver. Falling back to greedy solver. Run Snakemake with --verbose to see the full solver output for debugging the problem.

[Fri Nov 10 17:59:59 2023]
rule simulate_sample_design:
    input: data/processed/uniform/tree_locs.txt, data/processed/uniform/cluster_locs.txt, data/processed/uniform/tree_bm.txt, resources/uniform/inclusion_probability_rad15.txt
    output: results/uniform/results_rad15_SRS.npz, results/uniform/fig_rad15_SRS.png
    log: logs/simulate_sample_design_uniform_rad15_SRS.log
    jobid: 36
    reason: Missing output files: results/uniform/results_rad15_SRS.npz; Input files updated by another job: resources/uniform/inclusion_probability_rad15.txt, data/processed/uniform/tree_locs.txt, data/processed/uniform/cluster_locs.txt, data/processed/uniform/tree_bm.txt
    wildcards: gps_error_type=uniform, radius_measure=15, sample_design=SRS
    resources: tmpdir=/var/folders/mw/dy3m3wg11js6x91fwng5ptdw0000gn/T

[Fri Nov 10 17:59:59 2023]
rule simulate_sample_design:
    input: data/processed/uniform/tree_locs.txt, data/processed/uniform/cluster_locs.txt, data/processed/uniform/tree_bm.txt, resources/uniform/inclusion_probability_rad15.txt
    output: results/uniform/results_rad15_PPSWR-SRSWR.npz, results/uniform/fig_rad15_PPSWR-SRSWR.png
    log: logs/simulate_sample_design_uniform_rad15_PPSWR-SRSWR.log
    jobid: 38
    reason: Missing output files: results/uniform/results_rad15_PPSWR-SRSWR.npz; Input files updated by another job: resources/uniform/inclusion_probability_rad15.txt, data/processed/uniform/tree_locs.txt, data/processed/uniform/cluster_locs.txt, data/processed/uniform/tree_bm.txt
    wildcards: gps_error_type=uniform, radius_measure=15, sample_design=PPSWR-SRSWR
    resources: tmpdir=/var/folders/mw/dy3m3wg11js6x91fwng5ptdw0000gn/T

[Fri Nov 10 18:00:23 2023]
Finished job 36.
29 of 40 steps (72%) done
Select jobs to execute...

[Fri Nov 10 18:00:23 2023]
rule simulate_sample_design:
    input: data/processed/uniform/tree_locs.txt, data/processed/uniform/cluster_locs.txt, data/processed/uniform/tree_bm.txt, resources/uniform/inclusion_probability_rad15.txt
    output: results/uniform/results_rad15_PPSWR-SRSWOR.npz, results/uniform/fig_rad15_PPSWR-SRSWOR.png
    log: logs/simulate_sample_design_uniform_rad15_PPSWR-SRSWOR.log
    jobid: 39
    reason: Missing output files: results/uniform/results_rad15_PPSWR-SRSWOR.npz; Input files updated by another job: resources/uniform/inclusion_probability_rad15.txt, data/processed/uniform/tree_locs.txt, data/processed/uniform/cluster_locs.txt, data/processed/uniform/tree_bm.txt
    wildcards: gps_error_type=uniform, radius_measure=15, sample_design=PPSWR-SRSWOR
    resources: tmpdir=/var/folders/mw/dy3m3wg11js6x91fwng5ptdw0000gn/T

[Fri Nov 10 18:21:57 2023]
Finished job 38.
30 of 40 steps (75%) done
[Fri Nov 10 18:22:21 2023]
Finished job 39.
31 of 40 steps (78%) done
[Fri Nov 10 21:52:11 2023]
Finished job 20.
32 of 40 steps (80%) done
Select jobs to execute...
Failed to solve scheduling problem with ILP solver. Falling back to greedy solver. Run Snakemake with --verbose to see the full solver output for debugging the problem.

[Fri Nov 10 21:52:20 2023]
rule simulate_sample_design:
    input: data/processed/gaussian/tree_locs.txt, data/processed/gaussian/cluster_locs.txt, data/processed/gaussian/tree_bm.txt, resources/gaussian/inclusion_probability_rad10.txt
    output: results/gaussian/results_rad10_PPSWR-SRSWR.npz, results/gaussian/fig_rad10_PPSWR-SRSWR.png
    log: logs/simulate_sample_design_gaussian_rad10_PPSWR-SRSWR.log
    jobid: 21
    reason: Missing output files: results/gaussian/results_rad10_PPSWR-SRSWR.npz; Input files updated by another job: data/processed/gaussian/cluster_locs.txt, resources/gaussian/inclusion_probability_rad10.txt, data/processed/gaussian/tree_bm.txt, data/processed/gaussian/tree_locs.txt; Params have changed since last execution
    wildcards: gps_error_type=gaussian, radius_measure=10, sample_design=PPSWR-SRSWR
    resources: tmpdir=/var/folders/mw/dy3m3wg11js6x91fwng5ptdw0000gn/T

[Fri Nov 10 21:52:20 2023]
rule simulate_sample_design:
    input: data/processed/gaussian/tree_locs.txt, data/processed/gaussian/cluster_locs.txt, data/processed/gaussian/tree_bm.txt, resources/gaussian/inclusion_probability_rad10.txt
    output: results/gaussian/results_rad10_PPSWR-SRSWOR.npz, results/gaussian/fig_rad10_PPSWR-SRSWOR.png
    log: logs/simulate_sample_design_gaussian_rad10_PPSWR-SRSWOR.log
    jobid: 22
    reason: Missing output files: results/gaussian/results_rad10_PPSWR-SRSWOR.npz; Input files updated by another job: data/processed/gaussian/cluster_locs.txt, resources/gaussian/inclusion_probability_rad10.txt, data/processed/gaussian/tree_bm.txt, data/processed/gaussian/tree_locs.txt
    wildcards: gps_error_type=gaussian, radius_measure=10, sample_design=PPSWR-SRSWOR
    resources: tmpdir=/var/folders/mw/dy3m3wg11js6x91fwng5ptdw0000gn/T

[Fri Nov 10 21:52:20 2023]
rule simulate_sample_design:
    input: data/processed/gaussian/tree_locs.txt, data/processed/gaussian/cluster_locs.txt, data/processed/gaussian/tree_bm.txt, resources/gaussian/inclusion_probability_rad10.txt
    output: results/gaussian/results_rad10_SRS.npz, results/gaussian/fig_rad10_SRS.png
    log: logs/simulate_sample_design_gaussian_rad10_SRS.log
    jobid: 19
    reason: Missing output files: results/gaussian/results_rad10_SRS.npz; Input files updated by another job: data/processed/gaussian/cluster_locs.txt, resources/gaussian/inclusion_probability_rad10.txt, data/processed/gaussian/tree_bm.txt, data/processed/gaussian/tree_locs.txt; Params have changed since last execution
    wildcards: gps_error_type=gaussian, radius_measure=10, sample_design=SRS
    resources: tmpdir=/var/folders/mw/dy3m3wg11js6x91fwng5ptdw0000gn/T

[Fri Nov 10 21:52:41 2023]
Finished job 19.
33 of 40 steps (82%) done
[Fri Nov 10 22:09:29 2023]
Finished job 22.
34 of 40 steps (85%) done
[Fri Nov 10 22:09:52 2023]
Finished job 21.
35 of 40 steps (88%) done
[Fri Nov 10 23:56:23 2023]
Finished job 24.
36 of 40 steps (90%) done
Select jobs to execute...
Failed to solve scheduling problem with ILP solver. Falling back to greedy solver. Run Snakemake with --verbose to see the full solver output for debugging the problem.

[Fri Nov 10 23:56:33 2023]
rule simulate_sample_design:
    input: data/processed/gaussian/tree_locs.txt, data/processed/gaussian/cluster_locs.txt, data/processed/gaussian/tree_bm.txt, resources/gaussian/inclusion_probability_rad15.txt
    output: results/gaussian/results_rad15_SRS.npz, results/gaussian/fig_rad15_SRS.png
    log: logs/simulate_sample_design_gaussian_rad15_SRS.log
    jobid: 23
    reason: Missing output files: results/gaussian/results_rad15_SRS.npz; Input files updated by another job: resources/gaussian/inclusion_probability_rad15.txt, data/processed/gaussian/cluster_locs.txt, data/processed/gaussian/tree_bm.txt, data/processed/gaussian/tree_locs.txt
    wildcards: gps_error_type=gaussian, radius_measure=15, sample_design=SRS
    resources: tmpdir=/var/folders/mw/dy3m3wg11js6x91fwng5ptdw0000gn/T

[Fri Nov 10 23:56:33 2023]
rule simulate_sample_design:
    input: data/processed/gaussian/tree_locs.txt, data/processed/gaussian/cluster_locs.txt, data/processed/gaussian/tree_bm.txt, resources/gaussian/inclusion_probability_rad15.txt
    output: results/gaussian/results_rad15_PPSWR-SRSWR.npz, results/gaussian/fig_rad15_PPSWR-SRSWR.png
    log: logs/simulate_sample_design_gaussian_rad15_PPSWR-SRSWR.log
    jobid: 25
    reason: Missing output files: results/gaussian/results_rad15_PPSWR-SRSWR.npz; Input files updated by another job: resources/gaussian/inclusion_probability_rad15.txt, data/processed/gaussian/cluster_locs.txt, data/processed/gaussian/tree_bm.txt, data/processed/gaussian/tree_locs.txt
    wildcards: gps_error_type=gaussian, radius_measure=15, sample_design=PPSWR-SRSWR
    resources: tmpdir=/var/folders/mw/dy3m3wg11js6x91fwng5ptdw0000gn/T


[Fri Nov 10 23:56:33 2023]
rule simulate_sample_design:
    input: data/processed/gaussian/tree_locs.txt, data/processed/gaussian/cluster_locs.txt, data/processed/gaussian/tree_bm.txt, resources/gaussian/inclusion_probability_rad15.txt
    output: results/gaussian/results_rad15_PPSWR-SRSWOR.npz, results/gaussian/fig_rad15_PPSWR-SRSWOR.png
    log: logs/simulate_sample_design_gaussian_rad15_PPSWR-SRSWOR.log
    jobid: 26
    reason: Missing output files: results/gaussian/results_rad15_PPSWR-SRSWOR.npz; Input files updated by another job: resources/gaussian/inclusion_probability_rad15.txt, data/processed/gaussian/cluster_locs.txt, data/processed/gaussian/tree_bm.txt, data/processed/gaussian/tree_locs.txt
    wildcards: gps_error_type=gaussian, radius_measure=15, sample_design=PPSWR-SRSWOR
    resources: tmpdir=/var/folders/mw/dy3m3wg11js6x91fwng5ptdw0000gn/T

[Fri Nov 10 23:56:52 2023]
Finished job 23.
37 of 40 steps (92%) done
[Sat Nov 11 00:13:26 2023]
Finished job 25.
38 of 40 steps (95%) done
[Sat Nov 11 00:13:35 2023]
Finished job 26.
39 of 40 steps (98%) done
Select jobs to execute...

[Sat Nov 11 00:13:35 2023]
localrule all:
    input: results/rough/results_rad5_SRS.npz, results/rough/results_rad5_PPSWR-SRSWR.npz, results/rough/results_rad5_PPSWR-SRSWOR.npz, results/rough/results_rad10_SRS.npz, results/rough/results_rad10_PPSWR-SRSWR.npz, results/rough/results_rad10_PPSWR-SRSWOR.npz, results/rough/results_rad15_SRS.npz, results/rough/results_rad15_PPSWR-SRSWR.npz, results/rough/results_rad15_PPSWR-SRSWOR.npz, results/gaussian/results_rad5_SRS.npz, results/gaussian/results_rad5_PPSWR-SRSWR.npz, results/gaussian/results_rad5_PPSWR-SRSWOR.npz, results/gaussian/results_rad10_SRS.npz, results/gaussian/results_rad10_PPSWR-SRSWR.npz, results/gaussian/results_rad10_PPSWR-SRSWOR.npz, results/gaussian/results_rad15_SRS.npz, results/gaussian/results_rad15_PPSWR-SRSWR.npz, results/gaussian/results_rad15_PPSWR-SRSWOR.npz, results/uniform/results_rad5_SRS.npz, results/uniform/results_rad5_PPSWR-SRSWR.npz, results/uniform/results_rad5_PPSWR-SRSWOR.npz, results/uniform/results_rad10_SRS.npz, results/uniform/results_rad10_PPSWR-SRSWR.npz, results/uniform/results_rad10_PPSWR-SRSWOR.npz, results/uniform/results_rad15_SRS.npz, results/uniform/results_rad15_PPSWR-SRSWR.npz, results/uniform/results_rad15_PPSWR-SRSWOR.npz
    jobid: 0
    reason: Input files updated by another job: results/gaussian/results_rad5_SRS.npz, results/uniform/results_rad15_SRS.npz, results/gaussian/results_rad15_SRS.npz, results/uniform/results_rad10_PPSWR-SRSWOR.npz, results/uniform/results_rad5_PPSWR-SRSWR.npz, results/rough/results_rad5_SRS.npz, results/rough/results_rad10_PPSWR-SRSWOR.npz, results/uniform/results_rad5_PPSWR-SRSWOR.npz, results/uniform/results_rad10_PPSWR-SRSWR.npz, results/gaussian/results_rad10_SRS.npz, results/uniform/results_rad10_SRS.npz, results/rough/results_rad5_PPSWR-SRSWOR.npz, results/gaussian/results_rad10_PPSWR-SRSWR.npz, results/uniform/results_rad15_PPSWR-SRSWR.npz, results/gaussian/results_rad15_PPSWR-SRSWOR.npz, results/rough/results_rad15_SRS.npz, results/gaussian/results_rad5_PPSWR-SRSWR.npz, results/gaussian/results_rad10_PPSWR-SRSWOR.npz, results/rough/results_rad10_SRS.npz, results/rough/results_rad10_PPSWR-SRSWR.npz, results/uniform/results_rad5_SRS.npz, results/gaussian/results_rad5_PPSWR-SRSWOR.npz, results/rough/results_rad5_PPSWR-SRSWR.npz, results/gaussian/results_rad15_PPSWR-SRSWR.npz, results/rough/results_rad15_PPSWR-SRSWR.npz, results/rough/results_rad15_PPSWR-SRSWOR.npz, results/uniform/results_rad15_PPSWR-SRSWOR.npz
    resources: tmpdir=/var/folders/mw/dy3m3wg11js6x91fwng5ptdw0000gn/T

[Sat Nov 11 00:13:35 2023]
Finished job 0.
40 of 40 steps (100%) done
Complete log: .snakemake/log/2023-11-10T135448.625259.snakemake.log
